# JRE version: Java(TM) SE Runtime Environment (8.0_121-b13) (build 1.8.0_121-b13)
# Java VM: Java HotSpot(TM) 64-Bit Server VM (25.121-b13 mixed mode linux-amd64 compressed oops)
Heap:
 garbage-first heap   total 576512K, used 391615K [0x00000000c0000000, 0x00000000c0101198, 0x0000000100000000)
  region size 1024K, 217 young (222208K), 8 survivors (8192K)
 Metaspace       used 125122K, capacity 139361K, committed 139660K, reserved 1167360K
  class space    used 17456K, capacity 22526K, committed 22668K, reserved 1048576K
GC Heap History (10 events):
Event: 7658.426 GC heap before
{Heap before GC invocations=158 (full 0):
 garbage-first heap   total 576512K, used 501011K [0x00000000c0000000, 0x00000000c0101198, 0x0000000100000000)
  region size 1024K, 323 young (330752K), 8 survivors (8192K)
 Metaspace       used 123915K, capacity 137609K, committed 137740K, reserved 1165312K
  class space    used 17292K, capacity 22206K, committed 22284K, reserved 1048576K
Event: 7658.435 GC heap after
Heap after GC invocations=159 (full 0):
 garbage-first heap   total 576512K, used 178486K [0x00000000c0000000, 0x00000000c0101198, 0x0000000100000000)
  region size 1024K, 8 young (8192K), 8 survivors (8192K)
 Metaspace       used 123915K, capacity 137609K, committed 137740K, reserved 1165312K
  class space    used 17292K, capacity 22206K, committed 22284K, reserved 1048576K
}
Event: 7715.639 GC heap before
{Heap before GC invocations=159 (full 0):
 garbage-first heap   total 576512K, used 501046K [0x00000000c0000000, 0x00000000c0101198, 0x0000000100000000)
  region size 1024K, 323 young (330752K), 8 survivors (8192K)
 Metaspace       used 124115K, capacity 137921K, committed 138124K, reserved 1165312K
  class space    used 17322K, capacity 22310K, committed 22412K, reserved 1048576K
Event: 7715.653 GC heap after
Heap after GC invocations=160 (full 0):
 garbage-first heap   total 576512K, used 177977K [0x00000000c0000000, 0x00000000c0101198, 0x0000000100000000)
  region size 1024K, 7 young (7168K), 7 survivors (7168K)
 Metaspace       used 124115K, capacity 137921K, committed 138124K, reserved 1165312K
  class space    used 17322K, capacity 22310K, committed 22412K, reserved 1048576K
}
Event: 7792.224 GC heap before
{Heap before GC invocations=160 (full 0):
 garbage-first heap   total 576512K, used 502585K [0x00000000c0000000, 0x00000000c0101198, 0x0000000100000000)
  region size 1024K, 324 young (331776K), 7 survivors (7168K)
 Metaspace       used 124221K, capacity 138141K, committed 138380K, reserved 1165312K
  class space    used 17337K, capacity 22362K, committed 22412K, reserved 1048576K
Event: 7792.255 GC heap after
Heap after GC invocations=161 (full 0):
 garbage-first heap   total 576512K, used 179005K [0x00000000c0000000, 0x00000000c0101198, 0x0000000100000000)
  region size 1024K, 8 young (8192K), 8 survivors (8192K)
 Metaspace       used 124221K, capacity 138141K, committed 138380K, reserved 1165312K
  class space    used 17337K, capacity 22362K, committed 22412K, reserved 1048576K
}
Event: 7859.712 GC heap before
{Heap before GC invocations=161 (full 0):
 garbage-first heap   total 576512K, used 501565K [0x00000000c0000000, 0x00000000c0101198, 0x0000000100000000)
  region size 1024K, 323 young (330752K), 8 survivors (8192K)
 Metaspace       used 124317K, capacity 138361K, committed 138764K, reserved 1165312K
  class space    used 17352K, capacity 22414K, committed 22540K, reserved 1048576K
Event: 7859.752 GC heap after
Heap after GC invocations=162 (full 0):
 garbage-first heap   total 576512K, used 178530K [0x00000000c0000000, 0x00000000c0101198, 0x0000000100000000)
  region size 1024K, 8 young (8192K), 8 survivors (8192K)
 Metaspace       used 124317K, capacity 138361K, committed 138764K, reserved 1165312K
  class space    used 17352K, capacity 22414K, committed 22540K, reserved 1048576K
}
Event: 8160.732 GC heap before
{Heap before GC invocations=162 (full 0):
 garbage-first heap   total 576512K, used 501090K [0x00000000c0000000, 0x00000000c0101198, 0x0000000100000000)
  region size 1024K, 323 young (330752K), 8 survivors (8192K)
 Metaspace       used 124331K, capacity 138361K, committed 138764K, reserved 1165312K
  class space    used 17352K, capacity 22414K, committed 22540K, reserved 1048576K
Event: 8160.760 GC heap after
Heap after GC invocations=163 (full 0):
 garbage-first heap   total 576512K, used 178623K [0x00000000c0000000, 0x00000000c0101198, 0x0000000100000000)
  region size 1024K, 8 young (8192K), 8 survivors (8192K)
 Metaspace       used 124331K, capacity 138361K, committed 138764K, reserved 1165312K
  class space    used 17352K, capacity 22414K, committed 22540K, reserved 1048576K
}

